Using pre-set license
Built from '2020.3/staging' branch; Version is '2020.3.22f1 (e1a7f79fd887) revision 14788599'; Using compiler version '192528614'; Build Type 'Release'
OS: 'Windows 10 Pro; OS build 19043.1348; Version 2009; 64bit' Language: 'fr' Physical Memory: 16342 MB
BatchMode: 1, IsHumanControllingUs: 0, StartBugReporterOnCrash: 0, Is64bit: 1, IsPro: 0

COMMAND LINE ARGUMENTS:
C:\Program Files\Unity\Hub\Editor\2020.3.22f1\Editor\Unity.exe
-adb2
-batchMode
-noUpm
-name
AssetImportWorker0
-projectPath
C:/Users/game2/Desktop/FLAPPY
-logFile
Logs/AssetImportWorker0.log
-srvPort
57685
Successfully changed project path to: C:/Users/game2/Desktop/FLAPPY
C:/Users/game2/Desktop/FLAPPY
Using Asset Import Pipeline V2.
Refreshing native plugins compatible for Editor in 40.05 ms, found 3 plugins.
Preloading 0 native plugins for Editor in 0.00 ms.
Initialize engine version: 2020.3.22f1 (e1a7f79fd887)
[Subsystems] Discovering subsystems at path C:/Program Files/Unity/Hub/Editor/2020.3.22f1/Editor/Data/Resources/UnitySubsystems
[Subsystems] Discovering subsystems at path C:/Users/game2/Desktop/FLAPPY/Assets
GfxDevice: creating device client; threaded=0
Direct3D:
    Version:  Direct3D 11.0 [level 11.1]
    Renderer: NVIDIA GeForce GTX 1060 6GB (ID=0x1c03)
    Vendor:   
    VRAM:     6052 MB
    Driver:   27.21.14.5671
Initialize mono
Mono path[0] = 'C:/Program Files/Unity/Hub/Editor/2020.3.22f1/Editor/Data/Managed'
Mono path[1] = 'C:/Program Files/Unity/Hub/Editor/2020.3.22f1/Editor/Data/MonoBleedingEdge/lib/mono/unityjit'
Mono config path = 'C:/Program Files/Unity/Hub/Editor/2020.3.22f1/Editor/Data/MonoBleedingEdge/etc'
Using monoOptions --debugger-agent=transport=dt_socket,embedding=1,server=y,suspend=n,address=127.0.0.1:56188
Begin MonoManager ReloadAssembly
Registering precompiled unity dll's ...
Register platform support module: C:/Program Files/Unity/Hub/Editor/2020.3.22f1/Editor/Data/PlaybackEngines/WindowsStandaloneSupport/UnityEditor.WindowsStandalone.Extensions.dll
Registered in 0.001433 seconds.
Native extension for WindowsStandalone target not found
Refreshing native plugins compatible for Editor in 42.66 ms, found 3 plugins.
Preloading 0 native plugins for Editor in 0.00 ms.
Mono: successfully reloaded assembly
- Completed reload, in  1.671 seconds
Domain Reload Profiling:
	ReloadAssembly (1671ms)
		BeginReloadAssembly (47ms)
			ExecutionOrderSort (0ms)
			DisableScriptedObjects (0ms)
			BackupInstance (0ms)
			ReleaseScriptingObjects (0ms)
			CreateAndSetChildDomain (1ms)
		EndReloadAssembly (504ms)
			LoadAssemblies (46ms)
			RebuildTransferFunctionScriptingTraits (0ms)
			SetupTypeCache (208ms)
			ReleaseScriptCaches (0ms)
			RebuildScriptCaches (30ms)
			SetupLoadedEditorAssemblies (165ms)
				LogAssemblyErrors (0ms)
				InitializePlatformSupportModulesInManaged (5ms)
				SetLoadedEditorAssemblies (0ms)
				RefreshPlugins (43ms)
				BeforeProcessingInitializeOnLoad (7ms)
				ProcessInitializeOnLoadAttributes (81ms)
				ProcessInitializeOnLoadMethodAttributes (29ms)
				AfterProcessingInitializeOnLoad (0ms)
				EditorAssembliesLoaded (0ms)
			ExecutionOrderSort2 (0ms)
			AwakeInstancesAfterBackupRestoration (0ms)
Platform modules already initialized, skipping
Registering precompiled user dll's ...
Registered in 0.003784 seconds.
Begin MonoManager ReloadAssembly
Native extension for WindowsStandalone target not found
Refreshing native plugins compatible for Editor in 37.47 ms, found 3 plugins.
Preloading 0 native plugins for Editor in 0.00 ms.
Mono: successfully reloaded assembly
- Completed reload, in  1.047 seconds
Domain Reload Profiling:
	ReloadAssembly (1048ms)
		BeginReloadAssembly (132ms)
			ExecutionOrderSort (0ms)
			DisableScriptedObjects (4ms)
			BackupInstance (0ms)
			ReleaseScriptingObjects (0ms)
			CreateAndSetChildDomain (17ms)
		EndReloadAssembly (853ms)
			LoadAssemblies (83ms)
			RebuildTransferFunctionScriptingTraits (0ms)
			SetupTypeCache (296ms)
			ReleaseScriptCaches (0ms)
			RebuildScriptCaches (43ms)
			SetupLoadedEditorAssemblies (315ms)
				LogAssemblyErrors (0ms)
				InitializePlatformSupportModulesInManaged (3ms)
				SetLoadedEditorAssemblies (0ms)
				RefreshPlugins (38ms)
				BeforeProcessingInitializeOnLoad (62ms)
				ProcessInitializeOnLoadAttributes (193ms)
				ProcessInitializeOnLoadMethodAttributes (14ms)
				AfterProcessingInitializeOnLoad (4ms)
				EditorAssembliesLoaded (0ms)
			ExecutionOrderSort2 (0ms)
			AwakeInstancesAfterBackupRestoration (7ms)
Platform modules already initialized, skipping
========================================================================
Worker process is ready to serve import requests
Launched and connected shader compiler UnityShaderCompiler.exe after 0.06 seconds
Refreshing native plugins compatible for Editor in 0.81 ms, found 3 plugins.
Preloading 0 native plugins for Editor in 0.00 ms.
Unloading 2182 Unused Serialized files (Serialized files now loaded: 0)
System memory in use before: 95.4 MB.
System memory in use after: 95.5 MB.

Unloading 28 unused Assets to reduce memory usage. Loaded Objects now: 2615.
Total: 3.376100 ms (FindLiveObjects: 0.411000 ms CreateObjectMapping: 0.142400 ms MarkObjects: 2.745200 ms  DeleteObjects: 0.076200 ms)

AssetImportParameters requested are different than current active one (requested -> active):
  custom:framework-win-MediaFoundation: 216162199b28c13a410421893ffa2e32 -> 
  custom:video-decoder-ogg-theora: a1e56fd34408186e4bbccfd4996cb3dc -> 
  custom:container-muxer-webm: aa71ff27fc2769a1b78a27578f13a17b -> 
  custom:container-demuxer-webm: 4f35f7cbe854078d1ac9338744f61a02 -> 
  custom:container-demuxer-ogg: 62fdf1f143b41e24485cea50d1cbac27 -> 
  custom:video-encoder-webm-vp8: eb34c28f22e8b96e1ab97ce403110664 -> 
  custom:video-decoder-webm-vp8: 9c59270c3fd7afecdb556c50c9e8de78 -> 
  custom:audio-decoder-ogg-vorbis: bf7c407c2cedff20999df2af8eb42d56 -> 
  custom:audio-encoder-webm-vorbis: bf7c407c2cedff20999df2af8eb42d56 -> 
========================================================================
Received Import Request.
  path: Assets
  artifactKey: Guid(00000000000000001000000000000000) Importer(815301076,1909f56bfc062723c751e8b465ee728b)
Start importing Assets using Guid(00000000000000001000000000000000) Importer(815301076,1909f56bfc062723c751e8b465ee728b)  -> (artifact id: '42d402b061de3733987d63b9cc3b64de') in 0.008685 seconds 
  Import took 0.012374 seconds .

========================================================================
Received Prepare
Refreshing native plugins compatible for Editor in 3.23 ms, found 3 plugins.
Preloading 0 native plugins for Editor in 0.00 ms.
Unloading 15 Unused Serialized files (Serialized files now loaded: 0)
System memory in use before: 52.0 MB.
System memory in use after: 52.1 MB.

Unloading 15 unused Assets to reduce memory usage. Loaded Objects now: 2615.
Total: 3.123100 ms (FindLiveObjects: 0.240300 ms CreateObjectMapping: 0.102200 ms MarkObjects: 2.766600 ms  DeleteObjects: 0.013100 ms)

AssetImportParameters requested are different than current active one (requested -> active):
  custom:framework-win-MediaFoundation: 216162199b28c13a410421893ffa2e32 -> 
  custom:video-decoder-ogg-theora: a1e56fd34408186e4bbccfd4996cb3dc -> 
  custom:container-muxer-webm: aa71ff27fc2769a1b78a27578f13a17b -> 
  custom:container-demuxer-webm: 4f35f7cbe854078d1ac9338744f61a02 -> 
  custom:container-demuxer-ogg: 62fdf1f143b41e24485cea50d1cbac27 -> 
  custom:video-encoder-webm-vp8: eb34c28f22e8b96e1ab97ce403110664 -> 
  custom:video-decoder-webm-vp8: 9c59270c3fd7afecdb556c50c9e8de78 -> 
  custom:audio-decoder-ogg-vorbis: bf7c407c2cedff20999df2af8eb42d56 -> 
  custom:audio-encoder-webm-vorbis: bf7c407c2cedff20999df2af8eb42d56 -> 
========================================================================
Received Import Request.
  Time since last request: 8.467334 seconds.
  path: Assets/scrip
  artifactKey: Guid(067ccba7357ab1b48a5ef3fa0c019879) Importer(815301076,1909f56bfc062723c751e8b465ee728b)
Start importing Assets/scrip using Guid(067ccba7357ab1b48a5ef3fa0c019879) Importer(815301076,1909f56bfc062723c751e8b465ee728b)  -> (artifact id: '798d310c43593253c8e323ee39f8589f') in 0.006995 seconds 
  Import took 0.009831 seconds .

========================================================================
Received Import Request.
  Time since last request: 21.405642 seconds.
  path: Assets/scrip/NewBehaviourScript.cs
  artifactKey: Guid(8bff2b53ca1ff6e4c9f06c863a9f789d) Importer(815301076,1909f56bfc062723c751e8b465ee728b)
Start importing Assets/scrip/NewBehaviourScript.cs using Guid(8bff2b53ca1ff6e4c9f06c863a9f789d) Importer(815301076,1909f56bfc062723c751e8b465ee728b)  -> (artifact id: 'fe8146453933624849c905f63bf5ebc3') in 0.031247 seconds 
  Import took 0.034659 seconds .

========================================================================
Received Prepare
Registering precompiled user dll's ...
Registered in 0.003606 seconds.
Begin MonoManager ReloadAssembly
Native extension for WindowsStandalone target not found
Refreshing native plugins compatible for Editor in 0.62 ms, found 3 plugins.
Preloading 0 native plugins for Editor in 0.00 ms.
Mono: successfully reloaded assembly
- Completed reload, in  0.948 seconds
Domain Reload Profiling:
	ReloadAssembly (948ms)
		BeginReloadAssembly (113ms)
			ExecutionOrderSort (0ms)
			DisableScriptedObjects (8ms)
			BackupInstance (0ms)
			ReleaseScriptingObjects (0ms)
			CreateAndSetChildDomain (33ms)
		EndReloadAssembly (778ms)
			LoadAssemblies (78ms)
			RebuildTransferFunctionScriptingTraits (0ms)
			SetupTypeCache (287ms)
			ReleaseScriptCaches (1ms)
			RebuildScriptCaches (41ms)
			SetupLoadedEditorAssemblies (271ms)
				LogAssemblyErrors (0ms)
				InitializePlatformSupportModulesInManaged (4ms)
				SetLoadedEditorAssemblies (1ms)
				RefreshPlugins (1ms)
				BeforeProcessingInitializeOnLoad (56ms)
				ProcessInitializeOnLoadAttributes (194ms)
				ProcessInitializeOnLoadMethodAttributes (11ms)
				AfterProcessingInitializeOnLoad (4ms)
				EditorAssembliesLoaded (0ms)
			ExecutionOrderSort2 (0ms)
			AwakeInstancesAfterBackupRestoration (9ms)
Platform modules already initialized, skipping
Refreshing native plugins compatible for Editor in 0.45 ms, found 3 plugins.
Preloading 0 native plugins for Editor in 0.00 ms.
Unloading 2172 Unused Serialized files (Serialized files now loaded: 0)
System memory in use before: 94.8 MB.
System memory in use after: 94.9 MB.

Unloading 17 unused Assets to reduce memory usage. Loaded Objects now: 2618.
Total: 3.266900 ms (FindLiveObjects: 0.239700 ms CreateObjectMapping: 0.139000 ms MarkObjects: 2.864400 ms  DeleteObjects: 0.022800 ms)

AssetImportParameters requested are different than current active one (requested -> active):
  custom:framework-win-MediaFoundation: 216162199b28c13a410421893ffa2e32 -> 
  custom:video-decoder-ogg-theora: a1e56fd34408186e4bbccfd4996cb3dc -> 
  custom:container-muxer-webm: aa71ff27fc2769a1b78a27578f13a17b -> 
  custom:container-demuxer-webm: 4f35f7cbe854078d1ac9338744f61a02 -> 
  custom:container-demuxer-ogg: 62fdf1f143b41e24485cea50d1cbac27 -> 
  custom:video-encoder-webm-vp8: eb34c28f22e8b96e1ab97ce403110664 -> 
  custom:video-decoder-webm-vp8: 9c59270c3fd7afecdb556c50c9e8de78 -> 
  custom:audio-decoder-ogg-vorbis: bf7c407c2cedff20999df2af8eb42d56 -> 
  custom:audio-encoder-webm-vorbis: bf7c407c2cedff20999df2af8eb42d56 -> 
========================================================================
Received Import Request.
  Time since last request: 8.312513 seconds.
  path: Assets/scripts
  artifactKey: Guid(067ccba7357ab1b48a5ef3fa0c019879) Importer(815301076,1909f56bfc062723c751e8b465ee728b)
Start importing Assets/scripts using Guid(067ccba7357ab1b48a5ef3fa0c019879) Importer(815301076,1909f56bfc062723c751e8b465ee728b)  -> (artifact id: 'de0c126271dd0b2b51f96d8aed292d80') in 0.008345 seconds 
  Import took 0.011762 seconds .

========================================================================
Received Prepare
Registering precompiled user dll's ...
Registered in 0.003616 seconds.
Begin MonoManager ReloadAssembly
Native extension for WindowsStandalone target not found
Refreshing native plugins compatible for Editor in 0.45 ms, found 3 plugins.
Preloading 0 native plugins for Editor in 0.00 ms.
Mono: successfully reloaded assembly
- Completed reload, in  0.934 seconds
Domain Reload Profiling:
	ReloadAssembly (934ms)
		BeginReloadAssembly (110ms)
			ExecutionOrderSort (0ms)
			DisableScriptedObjects (8ms)
			BackupInstance (0ms)
			ReleaseScriptingObjects (0ms)
			CreateAndSetChildDomain (34ms)
		EndReloadAssembly (767ms)
			LoadAssemblies (81ms)
			RebuildTransferFunctionScriptingTraits (0ms)
			SetupTypeCache (278ms)
			ReleaseScriptCaches (1ms)
			RebuildScriptCaches (40ms)
			SetupLoadedEditorAssemblies (269ms)
				LogAssemblyErrors (0ms)
				InitializePlatformSupportModulesInManaged (5ms)
				SetLoadedEditorAssemblies (0ms)
				RefreshPlugins (1ms)
				BeforeProcessingInitializeOnLoad (52ms)
				ProcessInitializeOnLoadAttributes (196ms)
				ProcessInitializeOnLoadMethodAttributes (10ms)
				AfterProcessingInitializeOnLoad (5ms)
				EditorAssembliesLoaded (0ms)
			ExecutionOrderSort2 (0ms)
			AwakeInstancesAfterBackupRestoration (8ms)
Platform modules already initialized, skipping
Refreshing native plugins compatible for Editor in 0.45 ms, found 3 plugins.
Preloading 0 native plugins for Editor in 0.00 ms.
Unloading 2172 Unused Serialized files (Serialized files now loaded: 0)
System memory in use before: 94.8 MB.
System memory in use after: 94.9 MB.

Unloading 17 unused Assets to reduce memory usage. Loaded Objects now: 2620.
Total: 3.225900 ms (FindLiveObjects: 0.188400 ms CreateObjectMapping: 0.080100 ms MarkObjects: 2.908100 ms  DeleteObjects: 0.048400 ms)

AssetImportParameters requested are different than current active one (requested -> active):
  custom:framework-win-MediaFoundation: 216162199b28c13a410421893ffa2e32 -> 
  custom:video-decoder-ogg-theora: a1e56fd34408186e4bbccfd4996cb3dc -> 
  custom:container-muxer-webm: aa71ff27fc2769a1b78a27578f13a17b -> 
  custom:container-demuxer-webm: 4f35f7cbe854078d1ac9338744f61a02 -> 
  custom:container-demuxer-ogg: 62fdf1f143b41e24485cea50d1cbac27 -> 
  custom:video-encoder-webm-vp8: eb34c28f22e8b96e1ab97ce403110664 -> 
  custom:video-decoder-webm-vp8: 9c59270c3fd7afecdb556c50c9e8de78 -> 
  custom:audio-decoder-ogg-vorbis: bf7c407c2cedff20999df2af8eb42d56 -> 
  custom:audio-encoder-webm-vorbis: bf7c407c2cedff20999df2af8eb42d56 -> 
========================================================================
Received Import Request.
  Time since last request: 1793.910220 seconds.
  path: Assets/assets
  artifactKey: Guid(ce89e76374413614ea3d4b14ca67ae99) Importer(815301076,1909f56bfc062723c751e8b465ee728b)
Start importing Assets/assets using Guid(ce89e76374413614ea3d4b14ca67ae99) Importer(815301076,1909f56bfc062723c751e8b465ee728b)  -> (artifact id: 'd468310f99c1572f8f5e53379de1cc81') in 0.009880 seconds 
  Import took 0.013959 seconds .

========================================================================
Received Import Request.
  Time since last request: 8.837656 seconds.
  path: Assets/assets/bouteille.png
  artifactKey: Guid(f0a40d1761a600849a49ffc2dc5a0a11) Importer(815301076,1909f56bfc062723c751e8b465ee728b)
Start importing Assets/assets/bouteille.png using Guid(f0a40d1761a600849a49ffc2dc5a0a11) Importer(815301076,1909f56bfc062723c751e8b465ee728b)  -> (artifact id: '221ca4f44a4e920b07021ec99d96a649') in 0.115068 seconds 
  Import took 0.124699 seconds .

========================================================================
Received Import Request.
  Time since last request: 138.602952 seconds.
  path: Assets/redbird-downflap.png
  artifactKey: Guid(22435bc3430bdb643bdc1b1556d3a66c) Importer(815301076,1909f56bfc062723c751e8b465ee728b)
Start importing Assets/redbird-downflap.png using Guid(22435bc3430bdb643bdc1b1556d3a66c) Importer(815301076,1909f56bfc062723c751e8b465ee728b)  -> (artifact id: '9e3d409e28ccb12fa919e40f65f74ff9') in 0.015324 seconds 
  Import took 0.018800 seconds .

========================================================================
Received Import Request.
  Time since last request: 0.000277 seconds.
  path: Assets/redbird-midflap.png
  artifactKey: Guid(2774ffe78e9f27a42a2d8fda0de3a504) Importer(815301076,1909f56bfc062723c751e8b465ee728b)
Start importing Assets/redbird-midflap.png using Guid(2774ffe78e9f27a42a2d8fda0de3a504) Importer(815301076,1909f56bfc062723c751e8b465ee728b)  -> (artifact id: 'c800fefb1d7447747a35ca4d0b889d2c') in 0.012609 seconds 
  Import took 0.015499 seconds .

========================================================================
Received Import Request.
  Time since last request: 0.000271 seconds.
  path: Assets/redbird-upflap.png
  artifactKey: Guid(4e65fa03e363b0646b5910406281b16a) Importer(815301076,1909f56bfc062723c751e8b465ee728b)
Start importing Assets/redbird-upflap.png using Guid(4e65fa03e363b0646b5910406281b16a) Importer(815301076,1909f56bfc062723c751e8b465ee728b)  -> (artifact id: '9b016bf505367f28a88541b924f6699f') in 0.013158 seconds 
  Import took 0.016144 seconds .

========================================================================
Received Import Request.
  Time since last request: 454.167081 seconds.
  path: Assets/assets/redbird-downflap.png
  artifactKey: Guid(22435bc3430bdb643bdc1b1556d3a66c) Importer(815301076,1909f56bfc062723c751e8b465ee728b)
Start importing Assets/assets/redbird-downflap.png using Guid(22435bc3430bdb643bdc1b1556d3a66c) Importer(815301076,1909f56bfc062723c751e8b465ee728b)  -> (artifact id: '0080cb1a7d75f1c20fcccdb389a73249') in 0.012999 seconds 
  Import took 0.017248 seconds .

========================================================================
Received Import Request.
  Time since last request: 0.000265 seconds.
  path: Assets/assets/redbird-midflap.png
  artifactKey: Guid(2774ffe78e9f27a42a2d8fda0de3a504) Importer(815301076,1909f56bfc062723c751e8b465ee728b)
Start importing Assets/assets/redbird-midflap.png using Guid(2774ffe78e9f27a42a2d8fda0de3a504) Importer(815301076,1909f56bfc062723c751e8b465ee728b)  -> (artifact id: '0c84554602730a6c9be233bc7a71e831') in 0.009602 seconds 
  Import took 0.012573 seconds .

========================================================================
Received Import Request.
  Time since last request: 0.000266 seconds.
  path: Assets/assets/redbird-upflap.png
  artifactKey: Guid(4e65fa03e363b0646b5910406281b16a) Importer(815301076,1909f56bfc062723c751e8b465ee728b)
Start importing Assets/assets/redbird-upflap.png using Guid(4e65fa03e363b0646b5910406281b16a) Importer(815301076,1909f56bfc062723c751e8b465ee728b)  -> (artifact id: '2942dbc6960dc73bae12017a1cc662e8') in 0.010845 seconds 
  Import took 0.013730 seconds .

========================================================================
Received Import Request.
  Time since last request: 103.662076 seconds.
  path: Assets/assets/background-night.png
  artifactKey: Guid(6e831e7ec44be074f855ca7fc2c39992) Importer(815301076,1909f56bfc062723c751e8b465ee728b)
Start importing Assets/assets/background-night.png using Guid(6e831e7ec44be074f855ca7fc2c39992) Importer(815301076,1909f56bfc062723c751e8b465ee728b)  -> (artifact id: '21e7d0f4f39507d7b5c9deb425b27df4') in 0.016103 seconds 
  Import took 0.019801 seconds .

========================================================================
Received Import Request.
  Time since last request: 4.531216 seconds.
  path: Assets/assets/base.png
  artifactKey: Guid(e1708189be2384e48a582201ed2acbf1) Importer(815301076,1909f56bfc062723c751e8b465ee728b)
Start importing Assets/assets/base.png using Guid(e1708189be2384e48a582201ed2acbf1) Importer(815301076,1909f56bfc062723c751e8b465ee728b)  -> (artifact id: 'bc698d16f1f528032f4546dc6fac40a4') in 0.015579 seconds 
  Import took 0.018961 seconds .

